<?xml version="1.0" encoding="UTF-8" ?>
<testsuite failures="0" time="0.23" errors="0" skipped="0" tests="1" name="br.com.caelum.argentum.reader.LeitorXMLTest">
  <properties>
    <property name="java.runtime.name" value="Java(TM) SE Runtime Environment"/>
    <property name="sun.boot.library.path" value="C:\Program Files\Java\jdk1.7.0\jre\bin"/>
    <property name="java.vm.version" value="12.0-b03"/>
    <property name="java.vm.vendor" value="Sun Microsystems Inc."/>
    <property name="java.vendor.url" value="http://java.sun.com/"/>
    <property name="path.separator" value=";"/>
    <property name="java.vm.name" value="OpenJDK Client VM"/>
    <property name="file.encoding.pkg" value="sun.io"/>
    <property name="user.country" value="BR"/>
    <property name="sun.java.launcher" value="SUN_STANDARD"/>
    <property name="sun.os.patch.level" value=""/>
    <property name="java.vm.specification.name" value="Java Virtual Machine Specification"/>
    <property name="user.dir" value="C:\Users\JOSEMARJOBS\Velocity\Argentum"/>
    <property name="java.runtime.version" value="1.7.0-ea-b26"/>
    <property name="java.awt.graphicsenv" value="sun.awt.Win32GraphicsEnvironment"/>
    <property name="basedir" value="C:\Users\JOSEMARJOBS\Velocity\Argentum"/>
    <property name="java.endorsed.dirs" value="C:\Program Files\Java\jdk1.7.0\jre\lib\endorsed"/>
    <property name="os.arch" value="x86"/>
    <property name="surefire.real.class.path" value="C:\Users\JOSEMA~1\AppData\Local\Temp\surefirebooter51986.jar"/>
    <property name="java.io.tmpdir" value="C:\Users\JOSEMA~1\AppData\Local\Temp\"/>
    <property name="line.separator" value="
"/>
    <property name="java.vm.specification.vendor" value="Sun Microsystems Inc."/>
    <property name="user.variant" value=""/>
    <property name="os.name" value="Windows Vista"/>
    <property name="sun.jnu.encoding" value="Cp1252"/>
    <property name="java.library.path" value="C:\Program Files\Java\jdk1.7.0\jre\bin;.;C:\Windows\Sun\Java\bin;C:\Windows\system32;C:\Windows;c:\watcom-1.3\binnt;c:\watcom-1.3\binw;c:\ruby\bin;C:\Windows\system32;C:\Windows;C:\Windows\system32\wbem;C:\Windows\system32\windowspowershell\v1.0\;c:\program files\ati technologies\ati.ace\core-static;c:\program files\mysql\mysql server 5.1\bin;C:\Program Files\Java\jdk1.7.0\bin;c:\program files\quicktime\qtsystem\;c:\program files\e\cmd;c:\program files\git\cmd;c:\program files\ibm\gsk8\lib;C:\MAVEN\bin"/>
    <property name="surefire.test.class.path" value="C:\Users\JOSEMARJOBS\Velocity\Argentum\target\test-classes;C:\Users\JOSEMARJOBS\Velocity\Argentum\target\classes;C:\Users\JOSEMARJOBS\.m2\repository\junit\junit\4.3.1\junit-4.3.1.jar;C:\Users\JOSEMARJOBS\.m2\repository\jfree\jfreechart\1.0.9\jfreechart-1.0.9.jar;C:\Users\JOSEMARJOBS\.m2\repository\jfree\jcommon\1.0.12\jcommon-1.0.12.jar;C:\Users\JOSEMARJOBS\.m2\repository\log4j\log4j\1.2.11\log4j-1.2.11.jar;C:\Users\JOSEMARJOBS\.m2\repository\com\thoughtworks\xstream\xstream\1.3\xstream-1.3.jar;C:\Users\JOSEMARJOBS\.m2\repository\xpp3\xpp3_min\1.1.4c\xpp3_min-1.1.4c.jar;"/>
    <property name="java.specification.name" value="Java Platform API Specification"/>
    <property name="java.class.version" value="50.0"/>
    <property name="sun.management.compiler" value="HotSpot Client Compiler"/>
    <property name="os.version" value="6.1"/>
    <property name="user.home" value="C:\Users\JOSEMARJOBS"/>
    <property name="user.timezone" value="America/Sao_Paulo"/>
    <property name="java.awt.printerjob" value="sun.awt.windows.WPrinterJob"/>
    <property name="java.specification.version" value="1.7"/>
    <property name="file.encoding" value="Cp1252"/>
    <property name="user.name" value="JOSEMARJOBS"/>
    <property name="java.class.path" value="C:\Users\JOSEMARJOBS\Velocity\Argentum\target\test-classes;C:\Users\JOSEMARJOBS\Velocity\Argentum\target\classes;C:\Users\JOSEMARJOBS\.m2\repository\junit\junit\4.3.1\junit-4.3.1.jar;C:\Users\JOSEMARJOBS\.m2\repository\jfree\jfreechart\1.0.9\jfreechart-1.0.9.jar;C:\Users\JOSEMARJOBS\.m2\repository\jfree\jcommon\1.0.12\jcommon-1.0.12.jar;C:\Users\JOSEMARJOBS\.m2\repository\log4j\log4j\1.2.11\log4j-1.2.11.jar;C:\Users\JOSEMARJOBS\.m2\repository\com\thoughtworks\xstream\xstream\1.3\xstream-1.3.jar;C:\Users\JOSEMARJOBS\.m2\repository\xpp3\xpp3_min\1.1.4c\xpp3_min-1.1.4c.jar;"/>
    <property name="java.vm.specification.version" value="1.0"/>
    <property name="sun.arch.data.model" value="32"/>
    <property name="java.home" value="C:\Program Files\Java\jdk1.7.0\jre"/>
    <property name="java.specification.vendor" value="Sun Microsystems Inc."/>
    <property name="user.language" value="pt"/>
    <property name="awt.toolkit" value="sun.awt.windows.WToolkit"/>
    <property name="java.vm.info" value="mixed mode, sharing"/>
    <property name="java.version" value="1.7.0-ea"/>
    <property name="java.ext.dirs" value="C:\Program Files\Java\jdk1.7.0\jre\lib\ext;C:\Windows\Sun\Java\lib\ext"/>
    <property name="sun.boot.class.path" value="C:\Program Files\Java\jdk1.7.0\jre\lib\resources.jar;C:\Program Files\Java\jdk1.7.0\jre\lib\rt.jar;C:\Program Files\Java\jdk1.7.0\jre\lib\sunrsasign.jar;C:\Program Files\Java\jdk1.7.0\jre\lib\jsse.jar;C:\Program Files\Java\jdk1.7.0\jre\lib\jce.jar;C:\Program Files\Java\jdk1.7.0\jre\lib\charsets.jar;C:\Program Files\Java\jdk1.7.0\jre\classes"/>
    <property name="java.vendor" value="Sun Microsystems Inc."/>
    <property name="localRepository" value="C:\Users\JOSEMARJOBS\.m2\repository"/>
    <property name="file.separator" value="\"/>
    <property name="java.vendor.url.bug" value="http://java.sun.com/cgi-bin/bugreport.cgi"/>
    <property name="sun.cpu.endian" value="little"/>
    <property name="sun.io.unicode.encoding" value="UnicodeLittle"/>
    <property name="sun.desktop" value="windows"/>
    <property name="sun.cpu.isalist" value="pentium_pro+mmx pentium_pro pentium+mmx pentium i486 i386 i86"/>
  </properties>
  <testcase time="0.229" classname="br.com.caelum.argentum.reader.LeitorXMLTest" name="testleitorDeXmlCarregaListaDeNegocio"/>
</testsuite>